# JRE version: Java(TM) SE Runtime Environment (8.0_144-b01) (build 1.8.0_144-b01)
# Java VM: Java HotSpot(TM) 64-Bit Server VM (25.144-b01 mixed mode windows-amd64 compressed oops)
Heap:
 PSYoungGen      total 112640K, used 48065K [0x00000000d6300000, 0x00000000ddc80000, 0x0000000100000000)
  eden space 103936K, 38% used [0x00000000d6300000,0x00000000d89d04e8,0x00000000dc880000)
  from space 8704K, 95% used [0x00000000dd400000,0x00000000ddc1ff28,0x00000000ddc80000)
  to   space 9216K, 0% used [0x00000000dca80000,0x00000000dca80000,0x00000000dd380000)
 ParOldGen       total 52224K, used 7607K [0x0000000082800000, 0x0000000085b00000, 0x00000000d6300000)
  object space 52224K, 14% used [0x0000000082800000,0x0000000082f6dcc0,0x0000000085b00000)
 Metaspace       used 29199K, capacity 31436K, committed 31664K, reserved 1077248K
  class space    used 3833K, capacity 4214K, committed 4272K, reserved 1048576K
GC Heap History (10 events):
Event: 3.358 GC heap before
{Heap before GC invocations=3 (full 0):
 PSYoungGen      total 37888K, used 37886K [0x00000000d6300000, 0x00000000dad00000, 0x0000000100000000)
  eden space 32768K, 100% used [0x00000000d6300000,0x00000000d8300000,0x00000000d8300000)
  from space 5120K, 99% used [0x00000000d8800000,0x00000000d8cffb80,0x00000000d8d00000)
  to   space 5120K, 0% used [0x00000000d8300000,0x00000000d8300000,0x00000000d8800000)
 ParOldGen       total 86016K, used 705K [0x0000000082800000, 0x0000000087c00000, 0x00000000d6300000)
  object space 86016K, 0% used [0x0000000082800000,0x00000000828b0660,0x0000000087c00000)
 Metaspace       used 18737K, capacity 19944K, committed 20096K, reserved 1067008K
  class space    used 2373K, capacity 2612K, committed 2688K, reserved 1048576K
Event: 3.370 GC heap after
Heap after GC invocations=3 (full 0):
 PSYoungGen      total 37888K, used 5093K [0x00000000d6300000, 0x00000000dad00000, 0x0000000100000000)
  eden space 32768K, 0% used [0x00000000d6300000,0x00000000d6300000,0x00000000d8300000)
  from space 5120K, 99% used [0x00000000d8300000,0x00000000d87f94e0,0x00000000d8800000)
  to   space 5120K, 0% used [0x00000000da800000,0x00000000da800000,0x00000000dad00000)
 ParOldGen       total 86016K, used 3422K [0x0000000082800000, 0x0000000087c00000, 0x00000000d6300000)
  object space 86016K, 3% used [0x0000000082800000,0x0000000082b578b8,0x0000000087c00000)
 Metaspace       used 18737K, capacity 19944K, committed 20096K, reserved 1067008K
  class space    used 2373K, capacity 2612K, committed 2688K, reserved 1048576K
}
Event: 3.519 GC heap before
{Heap before GC invocations=4 (full 0):
 PSYoungGen      total 37888K, used 15920K [0x00000000d6300000, 0x00000000dad00000, 0x0000000100000000)
  eden space 32768K, 33% used [0x00000000d6300000,0x00000000d6d92e40,0x00000000d8300000)
  from space 5120K, 99% used [0x00000000d8300000,0x00000000d87f94e0,0x00000000d8800000)
  to   space 5120K, 0% used [0x00000000da800000,0x00000000da800000,0x00000000dad00000)
 ParOldGen       total 86016K, used 3422K [0x0000000082800000, 0x0000000087c00000, 0x00000000d6300000)
  object space 86016K, 3% used [0x0000000082800000,0x0000000082b578b8,0x0000000087c00000)
 Metaspace       used 20020K, capacity 21228K, committed 21296K, reserved 1067008K
  class space    used 2553K, capacity 2822K, committed 2864K, reserved 1048576K
Event: 3.533 GC heap after
Heap after GC invocations=4 (full 0):
 PSYoungGen      total 70656K, used 5100K [0x00000000d6300000, 0x00000000dad00000, 0x0000000100000000)
  eden space 65536K, 0% used [0x00000000d6300000,0x00000000d6300000,0x00000000da300000)
  from space 5120K, 99% used [0x00000000da800000,0x00000000dacfb1c0,0x00000000dad00000)
  to   space 5120K, 0% used [0x00000000da300000,0x00000000da300000,0x00000000da800000)
 ParOldGen       total 86016K, used 3946K [0x0000000082800000, 0x0000000087c00000, 0x00000000d6300000)
  object space 86016K, 4% used [0x0000000082800000,0x0000000082bdaa28,0x0000000087c00000)
 Metaspace       used 20020K, capacity 21228K, committed 21296K, reserved 1067008K
  class space    used 2553K, capacity 2822K, committed 2864K, reserved 1048576K
}
Event: 3.533 GC heap before
{Heap before GC invocations=5 (full 1):
 PSYoungGen      total 70656K, used 5100K [0x00000000d6300000, 0x00000000dad00000, 0x0000000100000000)
  eden space 65536K, 0% used [0x00000000d6300000,0x00000000d6300000,0x00000000da300000)
  from space 5120K, 99% used [0x00000000da800000,0x00000000dacfb1c0,0x00000000dad00000)
  to   space 5120K, 0% used [0x00000000da300000,0x00000000da300000,0x00000000da800000)
 ParOldGen       total 86016K, used 3946K [0x0000000082800000, 0x0000000087c00000, 0x00000000d6300000)
  object space 86016K, 4% used [0x0000000082800000,0x0000000082bdaa28,0x0000000087c00000)
 Metaspace       used 20020K, capacity 21228K, committed 21296K, reserved 1067008K
  class space    used 2553K, capacity 2822K, committed 2864K, reserved 1048576K
Event: 3.585 GC heap after
Heap after GC invocations=5 (full 1):
 PSYoungGen      total 70656K, used 0K [0x00000000d6300000, 0x00000000dad00000, 0x0000000100000000)
  eden space 65536K, 0% used [0x00000000d6300000,0x00000000d6300000,0x00000000da300000)
  from space 5120K, 0% used [0x00000000da800000,0x00000000da800000,0x00000000dad00000)
  to   space 5120K, 0% used [0x00000000da300000,0x00000000da300000,0x00000000da800000)
 ParOldGen       total 52224K, used 5412K [0x0000000082800000, 0x0000000085b00000, 0x00000000d6300000)
  object space 52224K, 10% used [0x0000000082800000,0x0000000082d49208,0x0000000085b00000)
 Metaspace       used 20020K, capacity 21228K, committed 21296K, reserved 1067008K
  class space    used 2553K, capacity 2822K, committed 2864K, reserved 1048576K
}
Event: 4.967 GC heap before
{Heap before GC invocations=6 (full 1):
 PSYoungGen      total 70656K, used 65536K [0x00000000d6300000, 0x00000000dad00000, 0x0000000100000000)
  eden space 65536K, 100% used [0x00000000d6300000,0x00000000da300000,0x00000000da300000)
  from space 5120K, 0% used [0x00000000da800000,0x00000000da800000,0x00000000dad00000)
  to   space 5120K, 0% used [0x00000000da300000,0x00000000da300000,0x00000000da800000)
 ParOldGen       total 52224K, used 5412K [0x0000000082800000, 0x0000000085b00000, 0x00000000d6300000)
  object space 52224K, 10% used [0x0000000082800000,0x0000000082d49208,0x0000000085b00000)
 Metaspace       used 24744K, capacity 26262K, committed 26416K, reserved 1073152K
  class space    used 3211K, capacity 3531K, committed 3632K, reserved 1048576K
Event: 4.983 GC heap after
Heap after GC invocations=6 (full 1):
 PSYoungGen      total 70656K, used 5104K [0x00000000d6300000, 0x00000000ddc80000, 0x0000000100000000)
  eden space 65536K, 0% used [0x00000000d6300000,0x00000000d6300000,0x00000000da300000)
  from space 5120K, 99% used [0x00000000da300000,0x00000000da7fc058,0x00000000da800000)
  to   space 8704K, 0% used [0x00000000dd400000,0x00000000dd400000,0x00000000ddc80000)
 ParOldGen       total 52224K, used 7599K [0x0000000082800000, 0x0000000085b00000, 0x00000000d6300000)
  object space 52224K, 14% used [0x0000000082800000,0x0000000082f6bcc0,0x0000000085b00000)
 Metaspace       used 24744K, capacity 26262K, committed 26416K, reserved 1073152K
  class space    used 3211K, capacity 3531K, committed 3632K, reserved 1048576K
}
Event: 7.163 GC heap before
{Heap before GC invocations=7 (full 1):
 PSYoungGen      total 70656K, used 70640K [0x00000000d6300000, 0x00000000ddc80000, 0x0000000100000000)
  eden space 65536K, 100% used [0x00000000d6300000,0x00000000da300000,0x00000000da300000)
  from space 5120K, 99% used [0x00000000da300000,0x00000000da7fc058,0x00000000da800000)
  to   space 8704K, 0% used [0x00000000dd400000,0x00000000dd400000,0x00000000ddc80000)
 ParOldGen       total 52224K, used 7599K [0x0000000082800000, 0x0000000085b00000, 0x00000000d6300000)
  object space 52224K, 14% used [0x0000000082800000,0x0000000082f6bcc0,0x0000000085b00000)
 Metaspace       used 28170K, capacity 30394K, committed 30512K, reserved 1075200K
  class space    used 3685K, capacity 4083K, committed 4144K, reserved 1048576K
Event: 7.176 GC heap after
Heap after GC invocations=7 (full 1):
 PSYoungGen      total 112640K, used 8319K [0x00000000d6300000, 0x00000000ddc80000, 0x0000000100000000)
  eden space 103936K, 0% used [0x00000000d6300000,0x00000000d6300000,0x00000000dc880000)
  from space 8704K, 95% used [0x00000000dd400000,0x00000000ddc1ff28,0x00000000ddc80000)
  to   space 9216K, 0% used [0x00000000dca80000,0x00000000dca80000,0x00000000dd380000)
 ParOldGen       total 52224K, used 7607K [0x0000000082800000, 0x0000000085b00000, 0x00000000d6300000)
  object space 52224K, 14% used [0x0000000082800000,0x0000000082f6dcc0,0x0000000085b00000)
 Metaspace       used 28170K, capacity 30394K, committed 30512K, reserved 1075200K
  class space    used 3685K, capacity 4083K, committed 4144K, reserved 1048576K
}

